<?xml version="1.0" encoding="UTF-8"?>
<testng-results skipped="0" failed="0" ignored="0" total="2" passed="2">
  <reporter-output>
  </reporter-output>
  <suite name="Suite" duration-ms="167690" started-at="2017-09-25T17:48:21Z" finished-at="2017-09-25T17:51:08Z">
    <groups>
    </groups>
    <test name="Test" duration-ms="167690" started-at="2017-09-25T17:48:21Z" finished-at="2017-09-25T17:51:08Z">
      <class name="com.kiran.smava.testScripts.TC002_UserLogin">
        <test-method status="PASS" signature="setUP()[pri:0, instance:com.kiran.smava.testScripts.TC002_UserLogin@1bce4f0a]" name="setUP" is-config="true" duration-ms="41142" started-at="2017-09-25T23:20:13Z" finished-at="2017-09-25T23:20:55Z">
          <reporter-output>
          </reporter-output>
        </test-method> <!-- setUP -->
        <test-method status="PASS" signature="signIn()[pri:0, instance:com.kiran.smava.testScripts.TC002_UserLogin@1bce4f0a]" name="signIn" duration-ms="13041" started-at="2017-09-25T23:20:55Z" finished-at="2017-09-25T23:21:08Z">
          <reporter-output>
          </reporter-output>
        </test-method> <!-- signIn -->
        <test-method status="PASS" signature="quitBrowser()[pri:0, instance:com.kiran.smava.testScripts.TC002_UserLogin@1bce4f0a]" name="quitBrowser" is-config="true" duration-ms="697" started-at="2017-09-25T23:21:08Z" finished-at="2017-09-25T23:21:08Z">
          <reporter-output>
          </reporter-output>
        </test-method> <!-- quitBrowser -->
      </class> <!-- com.kiran.smava.testScripts.TC002_UserLogin -->
      <class name="com.kiran.smava.testScripts.TC001_LoanSelection">
        <test-method status="PASS" signature="setUP()[pri:0, instance:com.kiran.smava.testScripts.TC001_LoanSelection@3bfdc050]" name="setUP" is-config="true" duration-ms="33448" started-at="2017-09-25T23:18:21Z" finished-at="2017-09-25T23:18:54Z">
          <reporter-output>
          </reporter-output>
        </test-method> <!-- setUP -->
        <test-method status="PASS" signature="UserDetails()[pri:0, instance:com.kiran.smava.testScripts.TC001_LoanSelection@3bfdc050]" name="UserDetails" duration-ms="78586" started-at="2017-09-25T23:18:54Z" finished-at="2017-09-25T23:20:13Z">
          <reporter-output>
          </reporter-output>
        </test-method> <!-- UserDetails -->
        <test-method status="PASS" signature="quitBrowser()[pri:0, instance:com.kiran.smava.testScripts.TC001_LoanSelection@3bfdc050]" name="quitBrowser" is-config="true" duration-ms="733" started-at="2017-09-25T23:20:13Z" finished-at="2017-09-25T23:20:13Z">
          <reporter-output>
          </reporter-output>
        </test-method> <!-- quitBrowser -->
      </class> <!-- com.kiran.smava.testScripts.TC001_LoanSelection -->
    </test> <!-- Test -->
  </suite> <!-- Suite -->
</testng-results>
